<?xml version="1.0" encoding="UTF-8"?>
<!-- Generated by org.testng.reporters.JUnitReportReporter -->
<testsuite name="gitub.NewTest" tests="1" time="10.277" ignored="0" failures="0" timestamp="30 Aug 2021 12:36:12 GMT" skipped="0" hostname="LP-5CD112M1JM" errors="0">
  <testcase name="f" time="10.277" classname="gitub.NewTest"/>
</testsuite> <!-- gitub.NewTest -->
